{"total": {"lines":{"total":801,"covered":286,"skipped":0,"pct":35.7},"statements":{"total":846,"covered":294,"skipped":0,"pct":34.75},"functions":{"total":152,"covered":61,"skipped":0,"pct":40.13},"branches":{"total":411,"covered":143,"skipped":0,"pct":34.79},"branchesTrue":{"total":0,"covered":0,"skipped":0,"pct":"Unknown"}}
,"/app/src/lib/artist-genre-cache.ts": {"lines":{"total":94,"covered":50,"skipped":0,"pct":53.19},"functions":{"total":16,"covered":7,"skipped":0,"pct":43.75},"statements":{"total":96,"covered":50,"skipped":0,"pct":52.08},"branches":{"total":23,"covered":5,"skipped":0,"pct":21.73}}
,"/app/src/lib/csp-nonce.ts": {"lines":{"total":3,"covered":3,"skipped":0,"pct":100},"functions":{"total":1,"covered":1,"skipped":0,"pct":100},"statements":{"total":3,"covered":3,"skipped":0,"pct":100},"branches":{"total":0,"covered":0,"skipped":0,"pct":100}}
,"/app/src/lib/csrf.ts": {"lines":{"total":25,"covered":25,"skipped":0,"pct":100},"functions":{"total":6,"covered":6,"skipped":0,"pct":100},"statements":{"total":27,"covered":27,"skipped":0,"pct":100},"branches":{"total":16,"covered":16,"skipped":0,"pct":100}}
,"/app/src/lib/error-handler.ts": {"lines":{"total":113,"covered":57,"skipped":0,"pct":50.44},"functions":{"total":12,"covered":4,"skipped":0,"pct":33.33},"statements":{"total":117,"covered":57,"skipped":0,"pct":48.71},"branches":{"total":105,"covered":53,"skipped":0,"pct":50.47}}
,"/app/src/lib/error-middleware.ts": {"lines":{"total":22,"covered":5,"skipped":0,"pct":22.72},"functions":{"total":6,"covered":5,"skipped":0,"pct":83.33},"statements":{"total":22,"covered":5,"skipped":0,"pct":22.72},"branches":{"total":21,"covered":15,"skipped":0,"pct":71.42}}
,"/app/src/lib/github.ts": {"lines":{"total":16,"covered":9,"skipped":0,"pct":56.25},"functions":{"total":5,"covered":3,"skipped":0,"pct":60},"statements":{"total":17,"covered":10,"skipped":0,"pct":58.82},"branches":{"total":12,"covered":10,"skipped":0,"pct":83.33}}
,"/app/src/lib/kv-cache.ts": {"lines":{"total":104,"covered":40,"skipped":0,"pct":38.46},"functions":{"total":17,"covered":9,"skipped":0,"pct":52.94},"statements":{"total":108,"covered":40,"skipped":0,"pct":37.03},"branches":{"total":43,"covered":12,"skipped":0,"pct":27.9}}
,"/app/src/lib/kv-monitor.ts": {"lines":{"total":20,"covered":20,"skipped":0,"pct":100},"functions":{"total":6,"covered":6,"skipped":0,"pct":100},"statements":{"total":23,"covered":23,"skipped":0,"pct":100},"branches":{"total":8,"covered":5,"skipped":0,"pct":62.5}}
,"/app/src/lib/logger.ts": {"lines":{"total":23,"covered":22,"skipped":0,"pct":95.65},"functions":{"total":11,"covered":11,"skipped":0,"pct":100},"statements":{"total":23,"covered":22,"skipped":0,"pct":95.65},"branches":{"total":16,"covered":11,"skipped":0,"pct":68.75}}
,"/app/src/lib/session.ts": {"lines":{"total":201,"covered":20,"skipped":0,"pct":9.95},"functions":{"total":44,"covered":2,"skipped":0,"pct":4.54},"statements":{"total":219,"covered":20,"skipped":0,"pct":9.13},"branches":{"total":104,"covered":0,"skipped":0,"pct":0}}
,"/app/src/lib/spotify.ts": {"lines":{"total":180,"covered":35,"skipped":0,"pct":19.44},"functions":{"total":28,"covered":7,"skipped":0,"pct":25},"statements":{"total":191,"covered":37,"skipped":0,"pct":19.37},"branches":{"total":63,"covered":16,"skipped":0,"pct":25.39}}
}
