{"total": {"lines":{"total":814,"covered":347,"skipped":0,"pct":42.62},"statements":{"total":860,"covered":356,"skipped":0,"pct":41.39},"functions":{"total":153,"covered":71,"skipped":0,"pct":46.4},"branches":{"total":417,"covered":176,"skipped":0,"pct":42.2},"branchesTrue":{"total":0,"covered":0,"skipped":0,"pct":"Unknown"}}
,"/app/src/lib/artist-genre-cache.ts": {"lines":{"total":94,"covered":57,"skipped":0,"pct":60.63},"functions":{"total":16,"covered":9,"skipped":0,"pct":56.25},"statements":{"total":96,"covered":57,"skipped":0,"pct":59.37},"branches":{"total":23,"covered":5,"skipped":0,"pct":21.73}}
,"/app/src/lib/csp-nonce.ts": {"lines":{"total":3,"covered":3,"skipped":0,"pct":100},"functions":{"total":1,"covered":1,"skipped":0,"pct":100},"statements":{"total":3,"covered":3,"skipped":0,"pct":100},"branches":{"total":0,"covered":0,"skipped":0,"pct":100}}
,"/app/src/lib/csrf.ts": {"lines":{"total":25,"covered":25,"skipped":0,"pct":100},"functions":{"total":6,"covered":6,"skipped":0,"pct":100},"statements":{"total":27,"covered":27,"skipped":0,"pct":100},"branches":{"total":16,"covered":16,"skipped":0,"pct":100}}
,"/app/src/lib/error-handler.ts": {"lines":{"total":113,"covered":76,"skipped":0,"pct":67.25},"functions":{"total":12,"covered":6,"skipped":0,"pct":50},"statements":{"total":117,"covered":76,"skipped":0,"pct":64.95},"branches":{"total":105,"covered":72,"skipped":0,"pct":68.57}}
,"/app/src/lib/error-middleware.ts": {"lines":{"total":22,"covered":22,"skipped":0,"pct":100},"functions":{"total":6,"covered":6,"skipped":0,"pct":100},"statements":{"total":22,"covered":22,"skipped":0,"pct":100},"branches":{"total":21,"covered":19,"skipped":0,"pct":90.47}}
,"/app/src/lib/github.ts": {"lines":{"total":16,"covered":9,"skipped":0,"pct":56.25},"functions":{"total":5,"covered":3,"skipped":0,"pct":60},"statements":{"total":17,"covered":10,"skipped":0,"pct":58.82},"branches":{"total":12,"covered":10,"skipped":0,"pct":83.33}}
,"/app/src/lib/kv-cache.ts": {"lines":{"total":104,"covered":42,"skipped":0,"pct":40.38},"functions":{"total":17,"covered":9,"skipped":0,"pct":52.94},"statements":{"total":108,"covered":42,"skipped":0,"pct":38.88},"branches":{"total":43,"covered":14,"skipped":0,"pct":32.55}}
,"/app/src/lib/kv-monitor.ts": {"lines":{"total":20,"covered":20,"skipped":0,"pct":100},"functions":{"total":6,"covered":6,"skipped":0,"pct":100},"statements":{"total":23,"covered":23,"skipped":0,"pct":100},"branches":{"total":8,"covered":5,"skipped":0,"pct":62.5}}
,"/app/src/lib/logger.ts": {"lines":{"total":23,"covered":23,"skipped":0,"pct":100},"functions":{"total":11,"covered":11,"skipped":0,"pct":100},"statements":{"total":23,"covered":23,"skipped":0,"pct":100},"branches":{"total":16,"covered":16,"skipped":0,"pct":100}}
,"/app/src/lib/session.ts": {"lines":{"total":206,"covered":42,"skipped":0,"pct":20.38},"functions":{"total":44,"covered":9,"skipped":0,"pct":20.45},"statements":{"total":224,"covered":43,"skipped":0,"pct":19.19},"branches":{"total":106,"covered":6,"skipped":0,"pct":5.66}}
,"/app/src/lib/spotify.ts": {"lines":{"total":188,"covered":28,"skipped":0,"pct":14.89},"functions":{"total":29,"covered":5,"skipped":0,"pct":17.24},"statements":{"total":200,"covered":30,"skipped":0,"pct":15},"branches":{"total":67,"covered":13,"skipped":0,"pct":19.4}}
}
